{"level":"error","message":"POST /api/admin/auth/login → \nInvalid `prisma.admin.findUnique()` invocation in\nC:\\Users\\USER\\Documents\\GitHub\\authentication-api\\src\\models\\admin.model.js:8:29\n\n  5 const passwordHashRounds = parseInt(process.env.PASSWORD_HASH_ROUNDS) || 10;\n  6 \n  7 const findAdminByEmail = async (email) => {\n→ 8   return await prisma.admin.findUnique(\nAuthentication failed against database server, the provided database credentials for `root` are not valid.\n\nPlease make sure to provide valid database credentials for the database server at the configured address.","timestamp":"2026-02-23T17:50:14.274Z"}
{"level":"error","message":"POST /api/admin/auth/login → \nInvalid `prisma.admin.findUnique()` invocation in\nC:\\Users\\USER\\Documents\\GitHub\\authentication-api\\src\\models\\admin.model.js:8:29\n\n  5 const passwordHashRounds = parseInt(process.env.PASSWORD_HASH_ROUNDS) || 10;\n  6 \n  7 const findAdminByEmail = async (email) => {\n→ 8   return await prisma.admin.findUnique(\nAuthentication failed against database server, the provided database credentials for `root` are not valid.\n\nPlease make sure to provide valid database credentials for the database server at the configured address.","timestamp":"2026-02-23T17:50:19.639Z"}
{"level":"error","message":"POST /api/user/auth/signup → Failed to initiate signup process","timestamp":"2026-02-23T18:02:30.014Z"}
{"level":"info","message":"POST /api/admin/auth/login → Success","timestamp":"2026-02-24T11:57:20.365Z"}
{"level":"info","message":"POST /api/admin/auth/login → Success","timestamp":"2026-02-24T11:57:34.489Z"}
{"level":"info","message":"POST /api/admin/auth/login → Success","timestamp":"2026-02-24T12:02:52.781Z"}
{"level":"info","message":"POST /api/admin/auth/login → Success","timestamp":"2026-02-25T04:58:23.849Z"}
{"level":"info","message":"POST /api/admin/auth/login → Success","timestamp":"2026-02-25T05:00:56.728Z"}
{"level":"info","message":"POST /api/admin/auth/login → Success","timestamp":"2026-02-25T05:01:55.421Z"}
{"level":"info","message":"POST /api/admin/auth/login → Success","timestamp":"2026-02-25T05:07:58.062Z"}
{"level":"warn","message":"POST /api/user/auth/login → User not found","timestamp":"2026-02-25T05:10:55.886Z"}
{"level":"info","message":"POST /api/admin/auth/login → Success","timestamp":"2026-02-25T05:10:56.861Z"}
{"level":"warn","message":"POST /api/user/auth/login → User not found","timestamp":"2026-02-25T05:13:19.411Z"}
{"level":"error","message":"POST /api/user/auth/signup → Failed to initiate signup process","timestamp":"2026-02-25T05:13:47.939Z"}
{"level":"warn","message":"POST /api/user/auth/login → User not found","timestamp":"2026-02-25T05:17:53.908Z"}
{"level":"warn","message":"POST /api/user/auth/login → User not found","timestamp":"2026-02-25T05:19:02.469Z"}
{"level":"info","message":"POST /api/admin/auth/login → Success","timestamp":"2026-02-25T05:19:33.529Z"}
{"level":"info","message":"POST /api/admin/auth/login → Success","timestamp":"2026-02-25T05:19:39.677Z"}
{"level":"warn","message":"POST /api/user/auth/login → User not found","timestamp":"2026-02-25T05:22:41.923Z"}
{"level":"info","message":"POST /api/admin/auth/login → Success","timestamp":"2026-02-25T05:22:42.461Z"}
{"level":"info","message":"POST /api/admin/auth/login → Success","timestamp":"2026-02-25T05:22:50.438Z"}
{"level":"info","message":"POST /api/admin/auth/login → Success","timestamp":"2026-02-25T05:22:59.490Z"}
{"level":"info","message":"POST /api/admin/auth/login → Success","timestamp":"2026-02-25T05:23:42.158Z"}
{"level":"info","message":"POST /api/admin/auth/login → Success","timestamp":"2026-02-25T05:26:12.150Z"}
{"level":"info","message":"POST /api/admin/auth/login → Success","timestamp":"2026-02-25T05:26:36.170Z"}
{"level":"info","message":"POST /api/admin/auth/login → Success","timestamp":"2026-02-25T05:29:15.958Z"}
{"level":"info","message":"POST /api/admin/auth/login → Success","timestamp":"2026-02-25T05:29:26.654Z"}
{"level":"error","message":"POST /api/admin/auth/login → Invalid password","timestamp":"2026-02-25T05:38:04.967Z"}
{"level":"warn","message":"POST /api/user/auth/login → User not found","timestamp":"2026-02-25T05:38:29.624Z"}
{"level":"info","message":"POST /api/admin/auth/login → Success","timestamp":"2026-02-25T05:39:25.252Z"}
{"level":"info","message":"POST /api/admin/auth/login → Success","timestamp":"2026-02-25T05:39:34.410Z"}
{"level":"warn","message":"POST /api/user/auth/login → User not found","timestamp":"2026-02-25T05:39:43.749Z"}
{"level":"info","message":"POST /api/admin/auth/login → Success","timestamp":"2026-02-25T05:39:44.510Z"}
{"level":"info","message":"POST /api/admin/auth/login → Success","timestamp":"2026-02-25T05:40:00.936Z"}
{"level":"info","message":"POST /api/admin/auth/login → Success","timestamp":"2026-02-25T05:43:03.784Z"}
{"level":"warn","message":"POST /api/user/auth/login → User not found","timestamp":"2026-02-25T05:43:19.279Z"}
{"level":"info","message":"POST /api/admin/auth/login → Success","timestamp":"2026-02-25T05:43:19.753Z"}
{"level":"info","message":"POST /api/admin/auth/login → Success","timestamp":"2026-02-25T05:48:13.044Z"}
{"level":"info","message":"POST /api/admin/auth/login → Success","timestamp":"2026-02-25T05:48:21.898Z"}
{"level":"info","message":"POST /api/admin/auth/login → Success","timestamp":"2026-02-25T05:49:31.615Z"}
{"level":"warn","message":"POST /api/user/auth/login → User not found","timestamp":"2026-02-25T05:49:40.399Z"}
{"level":"info","message":"POST /api/admin/auth/login → Success","timestamp":"2026-02-25T05:49:40.842Z"}
{"level":"info","message":"POST /api/admin/auth/login → Success","timestamp":"2026-02-25T05:49:45.348Z"}
{"level":"info","message":"POST /api/admin/auth/login → Success","timestamp":"2026-02-25T05:49:48.807Z"}
{"level":"info","message":"POST /api/admin/auth/login → Success","timestamp":"2026-02-25T06:09:39.074Z"}
{"level":"info","message":"POST /api/admin/auth/login → Success","timestamp":"2026-02-25T06:20:30.042Z"}
{"level":"info","message":"POST /api/admin/auth/logout → Successfully logged out","timestamp":"2026-02-25T06:27:10.766Z"}
{"level":"warn","message":"POST /api/user/auth/login → User not found","timestamp":"2026-02-25T06:27:15.450Z"}
{"level":"error","message":"POST /api/admin/auth/login → Invalid password","timestamp":"2026-02-25T06:27:15.886Z"}
{"level":"warn","message":"POST /api/user/auth/login → User not found","timestamp":"2026-02-25T06:27:27.088Z"}
{"level":"info","message":"POST /api/admin/auth/login → Success","timestamp":"2026-02-25T06:27:27.460Z"}
{"level":"info","message":"POST /api/admin/auth/logout → Successfully logged out","timestamp":"2026-02-25T06:27:37.356Z"}
{"level":"info","message":"POST /api/admin/auth/login → Success","timestamp":"2026-02-25T06:27:40.685Z"}
{"level":"info","message":"POST /api/admin/auth/logout → Successfully logged out","timestamp":"2026-02-25T06:28:02.543Z"}
{"level":"warn","message":"POST /api/user/auth/login → User not found","timestamp":"2026-02-25T06:28:06.946Z"}
{"level":"info","message":"POST /api/admin/auth/login → Success","timestamp":"2026-02-25T06:28:07.352Z"}
{"level":"info","message":"POST /api/admin/auth/logout → Successfully logged out","timestamp":"2026-02-25T06:28:20.189Z"}
{"level":"info","message":"POST /api/admin/auth/login → Success","timestamp":"2026-02-25T06:28:22.960Z"}
{"level":"info","message":"POST /api/admin/auth/logout → Successfully logged out","timestamp":"2026-02-25T06:28:25.315Z"}
{"level":"warn","message":"POST /api/user/auth/login → User not found","timestamp":"2026-02-25T06:28:28.983Z"}
{"level":"info","message":"POST /api/admin/auth/login → Success","timestamp":"2026-02-25T06:28:29.445Z"}
{"level":"info","message":"POST /api/admin/auth/logout → Successfully logged out","timestamp":"2026-02-25T06:28:30.969Z"}
{"level":"error","message":"POST /api/user/auth/signup → Failed to initiate signup process","timestamp":"2026-02-25T06:28:41.387Z"}
{"level":"error","message":"POST /api/user/auth/signup → Failed to initiate signup process","timestamp":"2026-02-25T06:28:43.704Z"}
{"level":"error","message":"POST /api/admin/auth/login → Admin not found","timestamp":"2026-02-25T06:29:12.148Z"}
{"level":"warn","message":"POST /api/user/auth/login → User not found","timestamp":"2026-02-25T06:29:12.157Z"}
{"level":"error","message":"POST /api/admin/auth/login → Admin not found","timestamp":"2026-02-25T06:29:15.881Z"}
{"level":"warn","message":"POST /api/user/auth/login → User not found","timestamp":"2026-02-25T06:29:15.887Z"}
{"level":"error","message":"POST /api/admin/auth/login → Admin not found","timestamp":"2026-02-25T06:29:16.881Z"}
{"level":"warn","message":"POST /api/user/auth/login → User not found","timestamp":"2026-02-25T06:29:16.889Z"}
{"level":"info","message":"POST /api/admin/auth/login → Success","timestamp":"2026-02-25T06:29:21.522Z"}
{"level":"info","message":"POST /api/admin/auth/logout → Successfully logged out","timestamp":"2026-02-25T06:29:26.351Z"}
{"level":"info","message":"POST /api/admin/auth/login → Success","timestamp":"2026-02-25T06:29:32.689Z"}
{"level":"info","message":"POST /api/admin/auth/logout → Successfully logged out","timestamp":"2026-02-25T06:29:48.834Z"}
{"level":"warn","message":"POST /api/user/auth/login → User not found","timestamp":"2026-02-26T04:36:36.678Z"}
{"level":"info","message":"POST /api/admin/auth/login → Success","timestamp":"2026-02-26T04:36:37.276Z"}
{"level":"info","message":"POST /api/admin/auth/login → Success","timestamp":"2026-02-26T04:36:47.298Z"}
{"level":"info","message":"POST /api/admin/auth/login → Success","timestamp":"2026-02-26T04:49:39.795Z"}
{"level":"info","message":"POST /api/admin/auth/login → Success","timestamp":"2026-02-26T04:51:14.863Z"}
{"level":"info","message":"POST /api/admin/auth/logout → Successfully logged out","timestamp":"2026-02-26T04:51:35.893Z"}
{"level":"warn","message":"POST /api/user/auth/login → User not found","timestamp":"2026-02-26T04:51:37.515Z"}
{"level":"info","message":"POST /api/admin/auth/login → Success","timestamp":"2026-02-26T04:51:37.910Z"}
{"level":"info","message":"POST /api/admin/auth/logout → Successfully logged out","timestamp":"2026-02-26T04:51:41.567Z"}
{"level":"warn","message":"POST /api/user/auth/login → User not found","timestamp":"2026-02-26T04:55:42.048Z"}
{"level":"info","message":"POST /api/admin/auth/login → Success","timestamp":"2026-02-26T04:55:42.572Z"}
{"level":"info","message":"POST /api/admin/auth/logout → Successfully logged out","timestamp":"2026-02-26T04:55:44.410Z"}
{"level":"info","message":"POST /api/admin/auth/login → Success","timestamp":"2026-02-26T05:48:22.766Z"}
{"level":"info","message":"POST /api/admin/auth/logout → Successfully logged out","timestamp":"2026-02-26T05:48:25.804Z"}
{"level":"error","message":"POST /api/user/auth/signup → Failed to initiate signup process","timestamp":"2026-02-26T05:48:47.807Z"}
{"level":"error","message":"POST /api/user/auth/signup → Failed to initiate signup process","timestamp":"2026-02-26T06:06:07.002Z"}
{"level":"error","message":"POST /api/admin/auth/login → Admin not found","timestamp":"2026-02-26T06:06:10.345Z"}
{"level":"warn","message":"POST /api/user/auth/login → User not found","timestamp":"2026-02-26T06:06:10.359Z"}
{"level":"info","message":"POST /api/admin/auth/login → Success","timestamp":"2026-02-26T06:06:14.873Z"}
{"level":"info","message":"POST /api/admin/auth/logout → Successfully logged out","timestamp":"2026-02-26T06:06:20.946Z"}
{"level":"warn","message":"POST /api/user/auth/login → User not found","timestamp":"2026-02-26T06:06:25.082Z"}
{"level":"info","message":"POST /api/admin/auth/login → Success","timestamp":"2026-02-26T06:06:25.913Z"}
{"level":"info","message":"POST /api/admin/auth/logout → Successfully logged out","timestamp":"2026-02-26T06:07:00.380Z"}
{"level":"warn","message":"POST /api/user/auth/login → User not found","timestamp":"2026-02-26T06:07:01.786Z"}
{"level":"info","message":"POST /api/admin/auth/login → Success","timestamp":"2026-02-26T06:07:02.524Z"}
{"level":"info","message":"POST /api/admin/auth/logout → Successfully logged out","timestamp":"2026-02-26T06:07:05.982Z"}
{"level":"info","message":"POST /api/admin/auth/login → Success","timestamp":"2026-02-26T06:07:08.764Z"}
{"level":"info","message":"POST /api/admin/auth/login → Success","timestamp":"2026-02-26T06:32:09.443Z"}
{"level":"info","message":"POST /api/admin/auth/logout → Successfully logged out","timestamp":"2026-02-26T06:32:12.449Z"}
{"level":"warn","message":"POST /api/user/auth/login → User not found","timestamp":"2026-02-26T06:32:14.838Z"}
{"level":"info","message":"POST /api/admin/auth/login → Success","timestamp":"2026-02-26T06:32:15.599Z"}
{"level":"info","message":"POST /api/admin/auth/logout → Successfully logged out","timestamp":"2026-02-26T06:32:17.206Z"}
{"level":"warn","message":"POST /api/user/auth/login → User not found","timestamp":"2026-02-26T06:32:18.951Z"}
{"level":"warn","message":"POST /api/user/auth/login → User not found","timestamp":"2026-02-26T06:32:18.961Z"}
{"level":"info","message":"POST /api/admin/auth/login → Success","timestamp":"2026-03-02T04:19:38.359Z"}
{"level":"info","message":"POST /api/admin/auth/logout → Successfully logged out","timestamp":"2026-03-02T04:20:35.430Z"}
{"level":"warn","message":"POST /api/user/auth/login → User not found","timestamp":"2026-03-02T04:20:40.886Z"}
{"level":"info","message":"POST /api/admin/auth/login → Success","timestamp":"2026-03-02T04:20:41.557Z"}
{"level":"info","message":"POST /api/admin/auth/logout → Successfully logged out","timestamp":"2026-03-02T04:20:53.677Z"}
{"level":"info","message":"POST /api/admin/auth/login → Success","timestamp":"2026-03-02T04:26:21.423Z"}
{"level":"info","message":"POST /api/admin/auth/login → Success","timestamp":"2026-03-02T05:24:02.043Z"}
{"level":"info","message":"POST /api/admin/auth/logout → Successfully logged out","timestamp":"2026-03-02T05:24:23.407Z"}
{"level":"warn","message":"POST /api/user/auth/login → User not found","timestamp":"2026-03-02T05:24:25.819Z"}
{"level":"info","message":"POST /api/admin/auth/login → Success","timestamp":"2026-03-02T05:24:26.322Z"}
{"level":"info","message":"POST /api/admin/auth/logout → Successfully logged out","timestamp":"2026-03-02T05:24:28.481Z"}
{"level":"warn","message":"POST /api/user/auth/login → User not found","timestamp":"2026-03-02T05:30:59.950Z"}
{"level":"info","message":"POST /api/admin/auth/login → Success","timestamp":"2026-03-02T05:31:00.301Z"}
{"level":"info","message":"POST /api/admin/auth/logout → Successfully logged out","timestamp":"2026-03-02T05:31:02.502Z"}
{"level":"error","message":"POST /api/user/auth/signup → Failed to initiate signup process","timestamp":"2026-03-02T05:31:14.410Z"}
{"level":"error","message":"POST /api/user/auth/signup → Failed to initiate signup process","timestamp":"2026-03-02T05:31:17.565Z"}
{"level":"error","message":"POST /api/user/auth/signup → Failed to initiate signup process","timestamp":"2026-03-02T05:31:47.888Z"}
{"level":"error","message":"POST /api/user/auth/signup → Failed to initiate signup process","timestamp":"2026-03-02T05:37:11.046Z"}
{"level":"warn","message":"POST /api/user/auth/login → User not found","timestamp":"2026-03-02T05:37:15.238Z"}
{"level":"error","message":"POST /api/admin/auth/login → Admin not found","timestamp":"2026-03-02T05:37:15.247Z"}
{"level":"error","message":"POST /api/admin/auth/login → Admin not found","timestamp":"2026-03-02T05:37:18.061Z"}
{"level":"warn","message":"POST /api/user/auth/login → User not found","timestamp":"2026-03-02T05:37:18.073Z"}
{"level":"info","message":"POST /api/admin/auth/login → Success","timestamp":"2026-03-02T05:37:21.027Z"}
{"level":"info","message":"POST /api/admin/auth/logout → Successfully logged out","timestamp":"2026-03-02T05:37:42.119Z"}
{"level":"warn","message":"POST /api/user/auth/login → User not found","timestamp":"2026-03-02T05:37:46.278Z"}
{"level":"info","message":"POST /api/admin/auth/login → Success","timestamp":"2026-03-02T05:37:46.725Z"}
{"level":"info","message":"POST /api/admin/auth/logout → Successfully logged out","timestamp":"2026-03-02T05:38:06.062Z"}
{"level":"info","message":"POST /api/admin/auth/login → Success","timestamp":"2026-03-02T05:38:47.188Z"}
{"level":"warn","message":"POST /api/user/auth/login → User not found","timestamp":"2026-03-02T05:40:37.561Z"}
{"level":"info","message":"POST /api/admin/auth/login → Success","timestamp":"2026-03-02T05:40:38.039Z"}
{"level":"warn","message":"POST /api/user/auth/login → User not found","timestamp":"2026-03-02T05:40:46.144Z"}
{"level":"info","message":"POST /api/admin/auth/login → Success","timestamp":"2026-03-02T05:40:46.543Z"}
{"level":"info","message":"POST /api/admin/auth/login → Success","timestamp":"2026-03-02T06:35:06.028Z"}
{"level":"info","message":"POST /api/admin/auth/logout → Successfully logged out","timestamp":"2026-03-02T06:35:13.112Z"}
{"level":"warn","message":"POST /api/user/auth/login → User not found","timestamp":"2026-03-02T06:35:14.927Z"}
{"level":"info","message":"POST /api/admin/auth/login → Success","timestamp":"2026-03-02T06:35:15.398Z"}
{"level":"info","message":"POST /api/admin/auth/logout → Successfully logged out","timestamp":"2026-03-02T06:35:17.032Z"}
{"level":"warn","message":"POST /api/user/auth/login → User not found","timestamp":"2026-03-02T13:02:18.728Z"}
{"level":"info","message":"POST /api/admin/auth/login → Success","timestamp":"2026-03-02T13:02:19.638Z"}
{"level":"info","message":"POST /api/admin/auth/logout → Successfully logged out","timestamp":"2026-03-02T13:02:23.051Z"}
{"level":"info","message":"POST /api/admin/auth/login → Success","timestamp":"2026-03-02T13:02:26.084Z"}
{"level":"info","message":"POST /api/admin/auth/logout → Successfully logged out","timestamp":"2026-03-02T13:02:35.467Z"}
{"level":"error","message":"POST /api/user/auth/signup → Failed to initiate signup process","timestamp":"2026-03-02T13:03:33.952Z"}
{"level":"warn","message":"POST /api/user/auth/login → User not found","timestamp":"2026-03-02T13:37:20.225Z"}
{"level":"warn","message":"POST /api/user/auth/login → User not found","timestamp":"2026-03-02T13:37:30.294Z"}
{"level":"warn","message":"POST /api/user/auth/login → User not found","timestamp":"2026-03-02T13:37:35.189Z"}
{"level":"warn","message":"POST /api/user/auth/login → User not found","timestamp":"2026-03-02T13:39:02.792Z"}
{"level":"warn","message":"POST /api/user/auth/login → User not found","timestamp":"2026-03-02T13:39:11.187Z"}
{"level":"info","message":"POST /api/admin/auth/login → Success","timestamp":"2026-03-02T13:42:43.765Z"}
{"level":"info","message":"POST /api/admin/auth/logout → Successfully logged out","timestamp":"2026-03-02T13:42:52.704Z"}
{"level":"error","message":"POST /api/admin/auth/login → Admin not found","timestamp":"2026-03-02T13:42:56.544Z"}
{"level":"warn","message":"POST /api/user/auth/login → User not found","timestamp":"2026-03-02T13:42:56.610Z"}
{"level":"error","message":"POST /api/admin/auth/login → Admin not found","timestamp":"2026-03-02T13:43:01.329Z"}
{"level":"warn","message":"POST /api/user/auth/login → User not found","timestamp":"2026-03-02T13:43:01.365Z"}
{"level":"info","message":"POST /api/admin/auth/login → Success","timestamp":"2026-03-02T13:43:31.999Z"}
{"level":"info","message":"POST /api/admin/auth/logout → Successfully logged out","timestamp":"2026-03-02T13:44:23.420Z"}
{"level":"error","message":"POST /api/user/auth/signup → Failed to initiate signup process","timestamp":"2026-03-02T13:44:38.230Z"}
{"level":"error","message":"POST /api/admin/auth/login → Admin not found","timestamp":"2026-03-02T13:45:10.577Z"}
{"level":"warn","message":"POST /api/user/auth/login → User not found","timestamp":"2026-03-02T13:45:10.601Z"}
{"level":"error","message":"POST /api/user/auth/signup → Failed to initiate signup process","timestamp":"2026-03-02T13:45:27.277Z"}
{"level":"error","message":"POST /api/user/auth/signup → Failed to initiate signup process","timestamp":"2026-03-02T13:47:26.780Z"}
{"level":"error","message":"POST /api/user/auth/signup → Failed to initiate signup process","timestamp":"2026-03-02T13:47:30.790Z"}
{"level":"info","message":"POST /api/user/auth/signup → OTP sent to email for verification","timestamp":"2026-03-02T13:50:31.677Z"}
{"level":"info","message":"POST /api/user/auth/verify-otp → Account created and verified successfully","timestamp":"2026-03-02T13:51:01.660Z"}
{"level":"info","message":"POST /api/user/auth/logout → Successfully logged out","timestamp":"2026-03-02T13:52:22.080Z"}
{"level":"error","message":"POST /api/admin/auth/login → Admin not found","timestamp":"2026-03-02T13:52:25.850Z"}
{"level":"warn","message":"POST /api/user/auth/login → \nInvalid `prisma.loginActivity.create()` invocation in\nC:\\Users\\USER\\Documents\\GitHub\\authentication-api\\src\\controllers\\user\\auth.controller.js:161:32\n\n  158 \n  159 // Log activity\n  160 const { ip, userAgent, deviceType, browser, os } = getClientInfo(req);\n→ 161 await prisma.loginActivity.create(\nThe table `login_activities` does not exist in the current database.","timestamp":"2026-03-02T13:52:26.189Z"}
{"level":"error","message":"POST /api/admin/auth/login → Admin not found","timestamp":"2026-03-02T13:52:48.751Z"}
{"level":"warn","message":"POST /api/user/auth/login → \nInvalid `prisma.loginActivity.create()` invocation in\nC:\\Users\\USER\\Documents\\GitHub\\authentication-api\\src\\controllers\\user\\auth.controller.js:161:32\n\n  158 \n  159 // Log activity\n  160 const { ip, userAgent, deviceType, browser, os } = getClientInfo(req);\n→ 161 await prisma.loginActivity.create(\nThe table `login_activities` does not exist in the current database.","timestamp":"2026-03-02T13:52:49.039Z"}
{"level":"error","message":"POST /api/admin/auth/login → Admin not found","timestamp":"2026-03-02T13:52:58.742Z"}
{"level":"warn","message":"POST /api/user/auth/login → \nInvalid `prisma.loginActivity.create()` invocation in\nC:\\Users\\USER\\Documents\\GitHub\\authentication-api\\src\\controllers\\user\\auth.controller.js:161:32\n\n  158 \n  159 // Log activity\n  160 const { ip, userAgent, deviceType, browser, os } = getClientInfo(req);\n→ 161 await prisma.loginActivity.create(\nThe table `login_activities` does not exist in the current database.","timestamp":"2026-03-02T13:52:59.017Z"}
{"level":"info","message":"POST /api/admin/auth/login → Success","timestamp":"2026-03-02T13:53:47.293Z"}
{"level":"info","message":"POST /api/admin/auth/logout → Successfully logged out","timestamp":"2026-03-02T13:53:55.474Z"}
{"level":"info","message":"POST /api/admin/auth/login → Success","timestamp":"2026-03-02T17:06:00.826Z"}
{"level":"info","message":"POST /api/admin/auth/logout → Successfully logged out","timestamp":"2026-03-02T17:59:09.821Z"}
{"level":"info","message":"POST /api/admin/auth/login → Success","timestamp":"2026-03-04T17:49:20.383Z"}
{"level":"info","message":"POST /api/admin/auth/logout → Successfully logged out","timestamp":"2026-03-04T17:49:33.803Z"}
{"level":"error","message":"POST /api/admin/auth/login → Admin not found","timestamp":"2026-03-04T17:50:51.966Z"}
{"level":"warn","message":"POST /api/user/auth/login → \nInvalid `prisma.loginActivity.create()` invocation in\nC:\\Users\\USER\\Documents\\GitHub\\authentication-api\\src\\controllers\\user\\auth.controller.js:161:32\n\n  158 \n  159 // Log activity\n  160 const { ip, userAgent, deviceType, browser, os } = getClientInfo(req);\n→ 161 await prisma.loginActivity.create(\nThe table `login_activities` does not exist in the current database.","timestamp":"2026-03-04T17:50:52.205Z"}
{"level":"warn","message":"POST /api/user/auth/signup → User already exists, try logging in","timestamp":"2026-03-04T17:51:01.536Z"}
{"level":"error","message":"POST /api/admin/auth/login → Admin not found","timestamp":"2026-03-04T17:51:18.151Z"}
{"level":"warn","message":"POST /api/user/auth/login → \nInvalid `prisma.loginActivity.create()` invocation in\nC:\\Users\\USER\\Documents\\GitHub\\authentication-api\\src\\controllers\\user\\auth.controller.js:161:32\n\n  158 \n  159 // Log activity\n  160 const { ip, userAgent, deviceType, browser, os } = getClientInfo(req);\n→ 161 await prisma.loginActivity.create(\nThe table `login_activities` does not exist in the current database.","timestamp":"2026-03-04T17:51:18.374Z"}
{"level":"warn","message":"POST /api/user/auth/signup → User already exists, try logging in","timestamp":"2026-03-04T17:51:30.646Z"}
{"level":"error","message":"POST /api/admin/auth/login → Admin not found","timestamp":"2026-03-04T18:01:03.498Z"}
{"level":"warn","message":"POST /api/user/auth/login → \nInvalid `prisma.loginActivity.create()` invocation in\nC:\\Users\\USER\\Documents\\GitHub\\authentication-api\\src\\controllers\\user\\auth.controller.js:161:32\n\n  158 \n  159 // Log activity\n  160 const { ip, userAgent, deviceType, browser, os } = getClientInfo(req);\n→ 161 await prisma.loginActivity.create(\nThe table `login_activities` does not exist in the current database.","timestamp":"2026-03-04T18:01:03.702Z"}
{"level":"error","message":"POST /api/admin/auth/login → Admin not found","timestamp":"2026-03-04T18:01:16.875Z"}
{"level":"warn","message":"POST /api/user/auth/login → User not found","timestamp":"2026-03-04T18:01:16.890Z"}
{"level":"info","message":"POST /api/user/auth/signup → OTP sent to email for verification","timestamp":"2026-03-04T18:01:46.468Z"}
{"level":"warn","message":"POST /api/user/auth/verify-otp → Invalid OTP","timestamp":"2026-03-04T18:02:40.074Z"}
{"level":"warn","message":"POST /api/user/auth/signup → User already exists, try logging in","timestamp":"2026-03-04T18:03:18.414Z"}
{"level":"info","message":"POST /api/user/auth/signup → OTP sent to email for verification","timestamp":"2026-03-04T18:03:47.780Z"}
{"level":"warn","message":"POST /api/user/auth/verify-otp → Invalid OTP","timestamp":"2026-03-04T18:04:05.137Z"}
{"level":"info","message":"POST /api/user/auth/signup → OTP sent to email for verification","timestamp":"2026-03-04T18:04:42.354Z"}
{"level":"info","message":"POST /api/user/auth/verify-otp → Account created and verified successfully","timestamp":"2026-03-04T18:04:56.224Z"}
{"level":"info","message":"POST /api/user/auth/logout → Successfully logged out","timestamp":"2026-03-04T18:05:05.179Z"}
{"level":"error","message":"POST /api/admin/auth/login → Admin not found","timestamp":"2026-03-04T18:05:06.855Z"}
{"level":"warn","message":"POST /api/user/auth/login → \nInvalid `prisma.loginActivity.create()` invocation in\nC:\\Users\\USER\\Documents\\GitHub\\authentication-api\\src\\controllers\\user\\auth.controller.js:161:32\n\n  158 \n  159 // Log activity\n  160 const { ip, userAgent, deviceType, browser, os } = getClientInfo(req);\n→ 161 await prisma.loginActivity.create(\nThe table `login_activities` does not exist in the current database.","timestamp":"2026-03-04T18:05:07.085Z"}
{"level":"error","message":"POST /api/admin/auth/login → Admin not found","timestamp":"2026-03-05T05:07:36.195Z"}
{"level":"warn","message":"POST /api/user/auth/login → Invalid password","timestamp":"2026-03-05T05:07:36.454Z"}
{"level":"info","message":"POST /api/admin/auth/login → Success","timestamp":"2026-03-05T05:10:06.279Z"}
{"level":"info","message":"POST /api/admin/auth/logout → Successfully logged out","timestamp":"2026-03-05T05:11:37.826Z"}
{"level":"error","message":"POST /api/admin/auth/login → Admin not found","timestamp":"2026-03-05T05:11:42.301Z"}
{"level":"warn","message":"POST /api/user/auth/email → \nInvalid `prisma.loginActivity.create()` invocation in\nC:\\Users\\USER\\Documents\\GitHub\\authentication-api\\src\\controllers\\user\\auth.controller.js:161:32\n\n  158 \n  159 // Log activity\n  160 const { ip, userAgent, deviceType, browser, os } = getClientInfo(req);\n→ 161 await prisma.loginActivity.create(\nThe table `login_activities` does not exist in the current database.","timestamp":"2026-03-05T05:11:42.568Z"}
{"level":"warn","message":"POST /api/user/auth/signup → User already exists, try logging in","timestamp":"2026-03-05T05:12:50.646Z"}
{"level":"info","message":"POST /api/admin/auth/login → Success","timestamp":"2026-03-05T05:16:51.227Z"}
{"level":"info","message":"POST /api/admin/auth/login → Success","timestamp":"2026-03-05T05:22:38.493Z"}
{"level":"info","message":"POST /api/admin/auth/login → Success","timestamp":"2026-03-05T05:23:42.517Z"}
{"level":"info","message":"POST /api/admin/auth/login → Success","timestamp":"2026-03-05T05:29:48.403Z"}
{"level":"info","message":"POST /api/admin/auth/login → Success","timestamp":"2026-03-05T05:31:14.827Z"}
{"level":"info","message":"POST /api/admin/auth/logout → Successfully logged out","timestamp":"2026-03-05T05:36:40.298Z"}
{"level":"info","message":"POST /api/admin/auth/login → Success","timestamp":"2026-03-05T05:36:58.475Z"}
{"level":"info","message":"POST /api/admin/auth/login → Success","timestamp":"2026-03-05T05:37:30.275Z"}
{"level":"info","message":"POST /api/admin/auth/login → Success","timestamp":"2026-03-05T05:37:45.058Z"}
{"level":"info","message":"POST /api/admin/auth/login → Success","timestamp":"2026-03-05T05:46:06.162Z"}
{"level":"info","message":"POST /api/admin/auth/login → Success","timestamp":"2026-03-05T05:46:40.698Z"}
